The target system is: Generic -  - cortex-m55
The host system is: Linux - 4.15.0-189-generic - x86_64
Compiling the C compiler identification source file "CMakeCCompilerId.c" succeeded.
Compiler: /opt/arm/gcc-arm-none-eabi/bin/arm-none-eabi-gcc 
Build flags: 
Id flags: -c 

The output was:
0


Compilation of the C compiler identification source "CMakeCCompilerId.c" produced "CMakeCCompilerId.o"

The C compiler identification is GNU, found in "/data/liujun/learning/tvm/arm-demo/Paddle-examples-for-AVH/Object-Classification-example/PP-LCNet/build/cmsis_nn/CMakeFiles/3.19.5/CompilerIdC/CMakeCCompilerId.o"

Compiling the CXX compiler identification source file "CMakeCXXCompilerId.cpp" succeeded.
Compiler: /opt/arm/gcc-arm-none-eabi/bin/arm-none-eabi-g++ 
Build flags: 
Id flags: -c 

The output was:
0


Compilation of the CXX compiler identification source "CMakeCXXCompilerId.cpp" produced "CMakeCXXCompilerId.o"

The CXX compiler identification is GNU, found in "/data/liujun/learning/tvm/arm-demo/Paddle-examples-for-AVH/Object-Classification-example/PP-LCNet/build/cmsis_nn/CMakeFiles/3.19.5/CompilerIdCXX/CMakeCXXCompilerId.o"

Detecting C compiler ABI info compiled with the following output:
Change Dir: /data/liujun/learning/tvm/arm-demo/Paddle-examples-for-AVH/Object-Classification-example/PP-LCNet/build/cmsis_nn/CMakeFiles/CMakeTmp

Run Build Command(s):/usr/bin/gmake cmTC_c00ca/fast && gmake[1]: Entering directory '/data/liujun/learning/tvm/arm-demo/Paddle-examples-for-AVH/Object-Classification-example/PP-LCNet/build/cmsis_nn/CMakeFiles/CMakeTmp'
/usr/bin/gmake  -f CMakeFiles/cmTC_c00ca.dir/build.make CMakeFiles/cmTC_c00ca.dir/build
gmake[2]: Entering directory '/data/liujun/learning/tvm/arm-demo/Paddle-examples-for-AVH/Object-Classification-example/PP-LCNet/build/cmsis_nn/CMakeFiles/CMakeTmp'
Building C object CMakeFiles/cmTC_c00ca.dir/CMakeCCompilerABI.c.obj
/opt/arm/gcc-arm-none-eabi/bin/arm-none-eabi-gcc   -v -mcpu=cortex-m55 -mfloat-abi=hard -Wall -Wextra -Wsign-compare -Wunused -Wswitch-default -Wdouble-promotion -Wredundant-decls -Wshadow -Wnull-dereference -Wno-format-extra-args -Wno-unused-function -Wno-unused-label -Wno-missing-field-initializers -Wno-return-type -Wno-format -Wno-int-conversion -std=gnu99 -o CMakeFiles/cmTC_c00ca.dir/CMakeCCompilerABI.c.obj -c /opt/arm/cmake/share/cmake-3.19/Modules/CMakeCCompilerABI.c
Using built-in specs.
COLLECT_GCC=/opt/arm/gcc-arm-none-eabi/bin/arm-none-eabi-gcc
Target: arm-none-eabi
Configured with: /mnt/workspace/workspace/GCC-10-pipeline/jenkins-GCC-10-pipeline-48_20201124_1606180641/src/gcc/configure --target=arm-none-eabi --prefix=/mnt/workspace/workspace/GCC-10-pipeline/jenkins-GCC-10-pipeline-48_20201124_1606180641/install-native --libexecdir=/mnt/workspace/workspace/GCC-10-pipeline/jenkins-GCC-10-pipeline-48_20201124_1606180641/install-native/lib --infodir=/mnt/workspace/workspace/GCC-10-pipeline/jenkins-GCC-10-pipeline-48_20201124_1606180641/install-native/share/doc/gcc-arm-none-eabi/info --mandir=/mnt/workspace/workspace/GCC-10-pipeline/jenkins-GCC-10-pipeline-48_20201124_1606180641/install-native/share/doc/gcc-arm-none-eabi/man --htmldir=/mnt/workspace/workspace/GCC-10-pipeline/jenkins-GCC-10-pipeline-48_20201124_1606180641/install-native/share/doc/gcc-arm-none-eabi/html --pdfdir=/mnt/workspace/workspace/GCC-10-pipeline/jenkins-GCC-10-pipeline-48_20201124_1606180641/install-native/share/doc/gcc-arm-none-eabi/pdf --enable-languages=c,c++ --enable-plugins --disable-decimal-float --disable-libffi --disable-libgomp --disable-libmudflap --disable-libquadmath --disable-libssp --disable-libstdcxx-pch --disable-nls --disable-shared --disable-threads --disable-tls --with-gnu-as --with-gnu-ld --with-newlib --with-headers=yes --with-python-dir=share/gcc-arm-none-eabi --with-sysroot=/mnt/workspace/workspace/GCC-10-pipeline/jenkins-GCC-10-pipeline-48_20201124_1606180641/install-native/arm-none-eabi --build=x86_64-linux-gnu --host=x86_64-linux-gnu --with-gmp=/mnt/workspace/workspace/GCC-10-pipeline/jenkins-GCC-10-pipeline-48_20201124_1606180641/build-native/host-libs/usr --with-mpfr=/mnt/workspace/workspace/GCC-10-pipeline/jenkins-GCC-10-pipeline-48_20201124_1606180641/build-native/host-libs/usr --with-mpc=/mnt/workspace/workspace/GCC-10-pipeline/jenkins-GCC-10-pipeline-48_20201124_1606180641/build-native/host-libs/usr --with-isl=/mnt/workspace/workspace/GCC-10-pipeline/jenkins-GCC-10-pipeline-48_20201124_1606180641/build-native/host-libs/usr --with-libelf=/mnt/workspace/workspace/GCC-10-pipeline/jenkins-GCC-10-pipeline-48_20201124_1606180641/build-native/host-libs/usr --with-host-libstdcxx='-static-libgcc -Wl,-Bstatic,-lstdc++,-Bdynamic -lm' --with-pkgversion='GNU Arm Embedded Toolchain 10-2020-q4-major' --with-multilib-list=rmprofile,aprofile
Thread model: single
Supported LTO compression algorithms: zlib
gcc version 10.2.1 20201103 (release) (GNU Arm Embedded Toolchain 10-2020-q4-major) 
COLLECT_GCC_OPTIONS='-v' '-mcpu=cortex-m55' '-mfloat-abi=hard' '-Wall' '-Wextra' '-Wsign-compare' '-Wunused' '-Wswitch-default' '-Wdouble-promotion' '-Wredundant-decls' '-Wshadow' '-Wnull-dereference' '-Wno-format-extra-args' '-Wno-unused-function' '-Wno-unused-label' '-Wno-missing-field-initializers' '-Wno-return-type' '-Wformat=0' '-Wno-int-conversion' '-std=gnu99' '-o' 'CMakeFiles/cmTC_c00ca.dir/CMakeCCompilerABI.c.obj' '-c' '-mthumb' '-march=armv8.1-m.main+fp.dp+mve.fp'
 /opt/arm/gcc-arm-none-eabi/bin/../lib/gcc/arm-none-eabi/10.2.1/cc1 -quiet -v -imultilib thumb/v8-m.main+dp/hard -iprefix /opt/arm/gcc-arm-none-eabi/bin/../lib/gcc/arm-none-eabi/10.2.1/ -isysroot /opt/arm/gcc-arm-none-eabi/bin/../arm-none-eabi -D__USES_INITFINI__ /opt/arm/cmake/share/cmake-3.19/Modules/CMakeCCompilerABI.c -quiet -dumpbase CMakeCCompilerABI.c -mcpu=cortex-m55 -mfloat-abi=hard -mthumb -march=armv8.1-m.main+fp.dp+mve.fp -auxbase-strip CMakeFiles/cmTC_c00ca.dir/CMakeCCompilerABI.c.obj -Wall -Wextra -Wsign-compare -Wunused -Wswitch-default -Wdouble-promotion -Wredundant-decls -Wshadow -Wnull-dereference -Wno-format-extra-args -Wno-unused-function -Wno-unused-label -Wno-missing-field-initializers -Wno-return-type -Wformat=0 -Wno-int-conversion -std=gnu99 -version -o /tmp/ccNk6EBp.s
GNU C99 (GNU Arm Embedded Toolchain 10-2020-q4-major) version 10.2.1 20201103 (release) (arm-none-eabi)
	compiled by GNU C version 4.8.4, GMP version 6.1.0, MPFR version 3.1.4, MPC version 1.0.3, isl version isl-0.18-GMP

GGC heuristics: --param ggc-min-expand=100 --param ggc-min-heapsize=131072
ignoring duplicate directory "/opt/arm/gcc-arm-none-eabi/bin/../lib/gcc/../../lib/gcc/arm-none-eabi/10.2.1/include"
ignoring nonexistent directory "/opt/arm/gcc-arm-none-eabi/bin/../arm-none-eabi/usr/local/include"
ignoring duplicate directory "/opt/arm/gcc-arm-none-eabi/bin/../lib/gcc/../../lib/gcc/arm-none-eabi/10.2.1/include-fixed"
ignoring duplicate directory "/opt/arm/gcc-arm-none-eabi/bin/../lib/gcc/../../lib/gcc/arm-none-eabi/10.2.1/../../../../arm-none-eabi/include"
ignoring nonexistent directory "/opt/arm/gcc-arm-none-eabi/bin/../arm-none-eabi/usr/include"
#include "..." search starts here:
#include <...> search starts here:
 /opt/arm/gcc-arm-none-eabi/bin/../lib/gcc/arm-none-eabi/10.2.1/include
 /opt/arm/gcc-arm-none-eabi/bin/../lib/gcc/arm-none-eabi/10.2.1/include-fixed
 /opt/arm/gcc-arm-none-eabi/bin/../lib/gcc/arm-none-eabi/10.2.1/../../../../arm-none-eabi/include
End of search list.
GNU C99 (GNU Arm Embedded Toolchain 10-2020-q4-major) version 10.2.1 20201103 (release) (arm-none-eabi)
	compiled by GNU C version 4.8.4, GMP version 6.1.0, MPFR version 3.1.4, MPC version 1.0.3, isl version isl-0.18-GMP

GGC heuristics: --param ggc-min-expand=100 --param ggc-min-heapsize=131072
Compiler executable checksum: e9addb35ad3a920a846c18a834db924d
COLLECT_GCC_OPTIONS='-v' '-mcpu=cortex-m55' '-mfloat-abi=hard' '-Wall' '-Wextra' '-Wsign-compare' '-Wunused' '-Wswitch-default' '-Wdouble-promotion' '-Wredundant-decls' '-Wshadow' '-Wnull-dereference' '-Wno-format-extra-args' '-Wno-unused-function' '-Wno-unused-label' '-Wno-missing-field-initializers' '-Wno-return-type' '-Wformat=0' '-Wno-int-conversion' '-std=gnu99' '-o' 'CMakeFiles/cmTC_c00ca.dir/CMakeCCompilerABI.c.obj' '-c' '-mthumb' '-march=armv8.1-m.main+fp.dp+mve.fp'
 /opt/arm/gcc-arm-none-eabi/bin/../lib/gcc/arm-none-eabi/10.2.1/../../../../arm-none-eabi/bin/as -v -march=armv8.1-m.main+fp.dp+mve.fp -mfloat-abi=hard -meabi=5 -o CMakeFiles/cmTC_c00ca.dir/CMakeCCompilerABI.c.obj /tmp/ccNk6EBp.s
GNU assembler version 2.35.1 (arm-none-eabi) using BFD version (GNU Arm Embedded Toolchain 10-2020-q4-major) 2.35.1.20201028
COMPILER_PATH=/opt/arm/gcc-arm-none-eabi/bin/../lib/gcc/arm-none-eabi/10.2.1/:/opt/arm/gcc-arm-none-eabi/bin/../lib/gcc/:/opt/arm/gcc-arm-none-eabi/bin/../lib/gcc/arm-none-eabi/10.2.1/../../../../arm-none-eabi/bin/
LIBRARY_PATH=/opt/arm/gcc-arm-none-eabi/bin/../lib/gcc/arm-none-eabi/10.2.1/thumb/v8-m.main+dp/hard/:/opt/arm/gcc-arm-none-eabi/bin/../lib/gcc/arm-none-eabi/10.2.1/../../../../arm-none-eabi/lib/thumb/v8-m.main+dp/hard/:/opt/arm/gcc-arm-none-eabi/bin/../arm-none-eabi/lib/thumb/v8-m.main+dp/hard/:/opt/arm/gcc-arm-none-eabi/bin/../lib/gcc/arm-none-eabi/10.2.1/:/opt/arm/gcc-arm-none-eabi/bin/../lib/gcc/:/opt/arm/gcc-arm-none-eabi/bin/../lib/gcc/arm-none-eabi/10.2.1/../../../../arm-none-eabi/lib/:/opt/arm/gcc-arm-none-eabi/bin/../arm-none-eabi/lib/
COLLECT_GCC_OPTIONS='-v' '-mcpu=cortex-m55' '-mfloat-abi=hard' '-Wall' '-Wextra' '-Wsign-compare' '-Wunused' '-Wswitch-default' '-Wdouble-promotion' '-Wredundant-decls' '-Wshadow' '-Wnull-dereference' '-Wno-format-extra-args' '-Wno-unused-function' '-Wno-unused-label' '-Wno-missing-field-initializers' '-Wno-return-type' '-Wformat=0' '-Wno-int-conversion' '-std=gnu99' '-o' 'CMakeFiles/cmTC_c00ca.dir/CMakeCCompilerABI.c.obj' '-c' '-mthumb' '-march=armv8.1-m.main+fp.dp+mve.fp'
Linking C static library libcmTC_c00ca.a
/opt/arm/cmake/bin/cmake -P CMakeFiles/cmTC_c00ca.dir/cmake_clean_target.cmake
/opt/arm/cmake/bin/cmake -E cmake_link_script CMakeFiles/cmTC_c00ca.dir/link.txt --verbose=1
/opt/arm/gcc-arm-none-eabi/bin/arm-none-eabi-ar qc libcmTC_c00ca.a CMakeFiles/cmTC_c00ca.dir/CMakeCCompilerABI.c.obj
/opt/arm/gcc-arm-none-eabi/bin/arm-none-eabi-ranlib libcmTC_c00ca.a
gmake[2]: Leaving directory '/data/liujun/learning/tvm/arm-demo/Paddle-examples-for-AVH/Object-Classification-example/PP-LCNet/build/cmsis_nn/CMakeFiles/CMakeTmp'
gmake[1]: Leaving directory '/data/liujun/learning/tvm/arm-demo/Paddle-examples-for-AVH/Object-Classification-example/PP-LCNet/build/cmsis_nn/CMakeFiles/CMakeTmp'



Parsed C implicit include dir info from above output: rv=done
  found start of include info
  found start of implicit include info
    add: [/opt/arm/gcc-arm-none-eabi/bin/../lib/gcc/arm-none-eabi/10.2.1/include]
    add: [/opt/arm/gcc-arm-none-eabi/bin/../lib/gcc/arm-none-eabi/10.2.1/include-fixed]
    add: [/opt/arm/gcc-arm-none-eabi/bin/../lib/gcc/arm-none-eabi/10.2.1/../../../../arm-none-eabi/include]
  end of search list found
  collapse include dir [/opt/arm/gcc-arm-none-eabi/bin/../lib/gcc/arm-none-eabi/10.2.1/include] ==> [/opt/arm/gcc-arm-none-eabi/lib/gcc/arm-none-eabi/10.2.1/include]
  collapse include dir [/opt/arm/gcc-arm-none-eabi/bin/../lib/gcc/arm-none-eabi/10.2.1/include-fixed] ==> [/opt/arm/gcc-arm-none-eabi/lib/gcc/arm-none-eabi/10.2.1/include-fixed]
  collapse include dir [/opt/arm/gcc-arm-none-eabi/bin/../lib/gcc/arm-none-eabi/10.2.1/../../../../arm-none-eabi/include] ==> [/opt/arm/gcc-arm-none-eabi/arm-none-eabi/include]
  implicit include dirs: [/opt/arm/gcc-arm-none-eabi/lib/gcc/arm-none-eabi/10.2.1/include;/opt/arm/gcc-arm-none-eabi/lib/gcc/arm-none-eabi/10.2.1/include-fixed;/opt/arm/gcc-arm-none-eabi/arm-none-eabi/include]


Parsed C implicit link information from above output:
  link line regex: [^( *|.*[/\])(arm-none-eabi-ld|CMAKE_LINK_STARTFILE-NOTFOUND|([^/\]+-)?ld|collect2)[^/\]*( |$)]
  ignore line: [Change Dir: /data/liujun/learning/tvm/arm-demo/Paddle-examples-for-AVH/Object-Classification-example/PP-LCNet/build/cmsis_nn/CMakeFiles/CMakeTmp]
  ignore line: []
  ignore line: [Run Build Command(s):/usr/bin/gmake cmTC_c00ca/fast && gmake[1]: Entering directory '/data/liujun/learning/tvm/arm-demo/Paddle-examples-for-AVH/Object-Classification-example/PP-LCNet/build/cmsis_nn/CMakeFiles/CMakeTmp']
  ignore line: [/usr/bin/gmake  -f CMakeFiles/cmTC_c00ca.dir/build.make CMakeFiles/cmTC_c00ca.dir/build]
  ignore line: [gmake[2]: Entering directory '/data/liujun/learning/tvm/arm-demo/Paddle-examples-for-AVH/Object-Classification-example/PP-LCNet/build/cmsis_nn/CMakeFiles/CMakeTmp']
  ignore line: [Building C object CMakeFiles/cmTC_c00ca.dir/CMakeCCompilerABI.c.obj]
  ignore line: [/opt/arm/gcc-arm-none-eabi/bin/arm-none-eabi-gcc   -v -mcpu=cortex-m55 -mfloat-abi=hard -Wall -Wextra -Wsign-compare -Wunused -Wswitch-default -Wdouble-promotion -Wredundant-decls -Wshadow -Wnull-dereference -Wno-format-extra-args -Wno-unused-function -Wno-unused-label -Wno-missing-field-initializers -Wno-return-type -Wno-format -Wno-int-conversion -std=gnu99 -o CMakeFiles/cmTC_c00ca.dir/CMakeCCompilerABI.c.obj -c /opt/arm/cmake/share/cmake-3.19/Modules/CMakeCCompilerABI.c]
  ignore line: [Using built-in specs.]
  ignore line: [COLLECT_GCC=/opt/arm/gcc-arm-none-eabi/bin/arm-none-eabi-gcc]
  ignore line: [Target: arm-none-eabi]
  ignore line: [Configured with: /mnt/workspace/workspace/GCC-10-pipeline/jenkins-GCC-10-pipeline-48_20201124_1606180641/src/gcc/configure --target=arm-none-eabi --prefix=/mnt/workspace/workspace/GCC-10-pipeline/jenkins-GCC-10-pipeline-48_20201124_1606180641/install-native --libexecdir=/mnt/workspace/workspace/GCC-10-pipeline/jenkins-GCC-10-pipeline-48_20201124_1606180641/install-native/lib --infodir=/mnt/workspace/workspace/GCC-10-pipeline/jenkins-GCC-10-pipeline-48_20201124_1606180641/install-native/share/doc/gcc-arm-none-eabi/info --mandir=/mnt/workspace/workspace/GCC-10-pipeline/jenkins-GCC-10-pipeline-48_20201124_1606180641/install-native/share/doc/gcc-arm-none-eabi/man --htmldir=/mnt/workspace/workspace/GCC-10-pipeline/jenkins-GCC-10-pipeline-48_20201124_1606180641/install-native/share/doc/gcc-arm-none-eabi/html --pdfdir=/mnt/workspace/workspace/GCC-10-pipeline/jenkins-GCC-10-pipeline-48_20201124_1606180641/install-native/share/doc/gcc-arm-none-eabi/pdf --enable-languages=c,c++ --enable-plugins --disable-decimal-float --disable-libffi --disable-libgomp --disable-libmudflap --disable-libquadmath --disable-libssp --disable-libstdcxx-pch --disable-nls --disable-shared --disable-threads --disable-tls --with-gnu-as --with-gnu-ld --with-newlib --with-headers=yes --with-python-dir=share/gcc-arm-none-eabi --with-sysroot=/mnt/workspace/workspace/GCC-10-pipeline/jenkins-GCC-10-pipeline-48_20201124_1606180641/install-native/arm-none-eabi --build=x86_64-linux-gnu --host=x86_64-linux-gnu --with-gmp=/mnt/workspace/workspace/GCC-10-pipeline/jenkins-GCC-10-pipeline-48_20201124_1606180641/build-native/host-libs/usr --with-mpfr=/mnt/workspace/workspace/GCC-10-pipeline/jenkins-GCC-10-pipeline-48_20201124_1606180641/build-native/host-libs/usr --with-mpc=/mnt/workspace/workspace/GCC-10-pipeline/jenkins-GCC-10-pipeline-48_20201124_1606180641/build-native/host-libs/usr --with-isl=/mnt/workspace/workspace/GCC-10-pipeline/jenkins-GCC-10-pipeline-48_20201124_1606180641/build-native/host-libs/usr --with-libelf=/mnt/workspace/workspace/GCC-10-pipeline/jenkins-GCC-10-pipeline-48_20201124_1606180641/build-native/host-libs/usr --with-host-libstdcxx='-static-libgcc -Wl,-Bstatic,-lstdc++,-Bdynamic -lm' --with-pkgversion='GNU Arm Embedded Toolchain 10-2020-q4-major' --with-multilib-list=rmprofile,aprofile]
  ignore line: [Thread model: single]
  ignore line: [Supported LTO compression algorithms: zlib]
  ignore line: [gcc version 10.2.1 20201103 (release) (GNU Arm Embedded Toolchain 10-2020-q4-major) ]
  ignore line: [COLLECT_GCC_OPTIONS='-v' '-mcpu=cortex-m55' '-mfloat-abi=hard' '-Wall' '-Wextra' '-Wsign-compare' '-Wunused' '-Wswitch-default' '-Wdouble-promotion' '-Wredundant-decls' '-Wshadow' '-Wnull-dereference' '-Wno-format-extra-args' '-Wno-unused-function' '-Wno-unused-label' '-Wno-missing-field-initializers' '-Wno-return-type' '-Wformat=0' '-Wno-int-conversion' '-std=gnu99' '-o' 'CMakeFiles/cmTC_c00ca.dir/CMakeCCompilerABI.c.obj' '-c' '-mthumb' '-march=armv8.1-m.main+fp.dp+mve.fp']
  ignore line: [ /opt/arm/gcc-arm-none-eabi/bin/../lib/gcc/arm-none-eabi/10.2.1/cc1 -quiet -v -imultilib thumb/v8-m.main+dp/hard -iprefix /opt/arm/gcc-arm-none-eabi/bin/../lib/gcc/arm-none-eabi/10.2.1/ -isysroot /opt/arm/gcc-arm-none-eabi/bin/../arm-none-eabi -D__USES_INITFINI__ /opt/arm/cmake/share/cmake-3.19/Modules/CMakeCCompilerABI.c -quiet -dumpbase CMakeCCompilerABI.c -mcpu=cortex-m55 -mfloat-abi=hard -mthumb -march=armv8.1-m.main+fp.dp+mve.fp -auxbase-strip CMakeFiles/cmTC_c00ca.dir/CMakeCCompilerABI.c.obj -Wall -Wextra -Wsign-compare -Wunused -Wswitch-default -Wdouble-promotion -Wredundant-decls -Wshadow -Wnull-dereference -Wno-format-extra-args -Wno-unused-function -Wno-unused-label -Wno-missing-field-initializers -Wno-return-type -Wformat=0 -Wno-int-conversion -std=gnu99 -version -o /tmp/ccNk6EBp.s]
  ignore line: [GNU C99 (GNU Arm Embedded Toolchain 10-2020-q4-major) version 10.2.1 20201103 (release) (arm-none-eabi)]
  ignore line: [	compiled by GNU C version 4.8.4  GMP version 6.1.0  MPFR version 3.1.4  MPC version 1.0.3  isl version isl-0.18-GMP]
  ignore line: []
  ignore line: [GGC heuristics: --param ggc-min-expand=100 --param ggc-min-heapsize=131072]
  ignore line: [ignoring duplicate directory "/opt/arm/gcc-arm-none-eabi/bin/../lib/gcc/../../lib/gcc/arm-none-eabi/10.2.1/include"]
  ignore line: [ignoring nonexistent directory "/opt/arm/gcc-arm-none-eabi/bin/../arm-none-eabi/usr/local/include"]
  ignore line: [ignoring duplicate directory "/opt/arm/gcc-arm-none-eabi/bin/../lib/gcc/../../lib/gcc/arm-none-eabi/10.2.1/include-fixed"]
  ignore line: [ignoring duplicate directory "/opt/arm/gcc-arm-none-eabi/bin/../lib/gcc/../../lib/gcc/arm-none-eabi/10.2.1/../../../../arm-none-eabi/include"]
  ignore line: [ignoring nonexistent directory "/opt/arm/gcc-arm-none-eabi/bin/../arm-none-eabi/usr/include"]
  ignore line: [#include "..." search starts here:]
  ignore line: [#include <...> search starts here:]
  ignore line: [ /opt/arm/gcc-arm-none-eabi/bin/../lib/gcc/arm-none-eabi/10.2.1/include]
  ignore line: [ /opt/arm/gcc-arm-none-eabi/bin/../lib/gcc/arm-none-eabi/10.2.1/include-fixed]
  ignore line: [ /opt/arm/gcc-arm-none-eabi/bin/../lib/gcc/arm-none-eabi/10.2.1/../../../../arm-none-eabi/include]
  ignore line: [End of search list.]
  ignore line: [GNU C99 (GNU Arm Embedded Toolchain 10-2020-q4-major) version 10.2.1 20201103 (release) (arm-none-eabi)]
  ignore line: [	compiled by GNU C version 4.8.4  GMP version 6.1.0  MPFR version 3.1.4  MPC version 1.0.3  isl version isl-0.18-GMP]
  ignore line: []
  ignore line: [GGC heuristics: --param ggc-min-expand=100 --param ggc-min-heapsize=131072]
  ignore line: [Compiler executable checksum: e9addb35ad3a920a846c18a834db924d]
  ignore line: [COLLECT_GCC_OPTIONS='-v' '-mcpu=cortex-m55' '-mfloat-abi=hard' '-Wall' '-Wextra' '-Wsign-compare' '-Wunused' '-Wswitch-default' '-Wdouble-promotion' '-Wredundant-decls' '-Wshadow' '-Wnull-dereference' '-Wno-format-extra-args' '-Wno-unused-function' '-Wno-unused-label' '-Wno-missing-field-initializers' '-Wno-return-type' '-Wformat=0' '-Wno-int-conversion' '-std=gnu99' '-o' 'CMakeFiles/cmTC_c00ca.dir/CMakeCCompilerABI.c.obj' '-c' '-mthumb' '-march=armv8.1-m.main+fp.dp+mve.fp']
  ignore line: [ /opt/arm/gcc-arm-none-eabi/bin/../lib/gcc/arm-none-eabi/10.2.1/../../../../arm-none-eabi/bin/as -v -march=armv8.1-m.main+fp.dp+mve.fp -mfloat-abi=hard -meabi=5 -o CMakeFiles/cmTC_c00ca.dir/CMakeCCompilerABI.c.obj /tmp/ccNk6EBp.s]
  ignore line: [GNU assembler version 2.35.1 (arm-none-eabi) using BFD version (GNU Arm Embedded Toolchain 10-2020-q4-major) 2.35.1.20201028]
  ignore line: [COMPILER_PATH=/opt/arm/gcc-arm-none-eabi/bin/../lib/gcc/arm-none-eabi/10.2.1/:/opt/arm/gcc-arm-none-eabi/bin/../lib/gcc/:/opt/arm/gcc-arm-none-eabi/bin/../lib/gcc/arm-none-eabi/10.2.1/../../../../arm-none-eabi/bin/]
  ignore line: [LIBRARY_PATH=/opt/arm/gcc-arm-none-eabi/bin/../lib/gcc/arm-none-eabi/10.2.1/thumb/v8-m.main+dp/hard/:/opt/arm/gcc-arm-none-eabi/bin/../lib/gcc/arm-none-eabi/10.2.1/../../../../arm-none-eabi/lib/thumb/v8-m.main+dp/hard/:/opt/arm/gcc-arm-none-eabi/bin/../arm-none-eabi/lib/thumb/v8-m.main+dp/hard/:/opt/arm/gcc-arm-none-eabi/bin/../lib/gcc/arm-none-eabi/10.2.1/:/opt/arm/gcc-arm-none-eabi/bin/../lib/gcc/:/opt/arm/gcc-arm-none-eabi/bin/../lib/gcc/arm-none-eabi/10.2.1/../../../../arm-none-eabi/lib/:/opt/arm/gcc-arm-none-eabi/bin/../arm-none-eabi/lib/]
  ignore line: [COLLECT_GCC_OPTIONS='-v' '-mcpu=cortex-m55' '-mfloat-abi=hard' '-Wall' '-Wextra' '-Wsign-compare' '-Wunused' '-Wswitch-default' '-Wdouble-promotion' '-Wredundant-decls' '-Wshadow' '-Wnull-dereference' '-Wno-format-extra-args' '-Wno-unused-function' '-Wno-unused-label' '-Wno-missing-field-initializers' '-Wno-return-type' '-Wformat=0' '-Wno-int-conversion' '-std=gnu99' '-o' 'CMakeFiles/cmTC_c00ca.dir/CMakeCCompilerABI.c.obj' '-c' '-mthumb' '-march=armv8.1-m.main+fp.dp+mve.fp']
  ignore line: [Linking C static library libcmTC_c00ca.a]
  ignore line: [/opt/arm/cmake/bin/cmake -P CMakeFiles/cmTC_c00ca.dir/cmake_clean_target.cmake]
  ignore line: [/opt/arm/cmake/bin/cmake -E cmake_link_script CMakeFiles/cmTC_c00ca.dir/link.txt --verbose=1]
  ignore line: [/opt/arm/gcc-arm-none-eabi/bin/arm-none-eabi-ar qc libcmTC_c00ca.a CMakeFiles/cmTC_c00ca.dir/CMakeCCompilerABI.c.obj]
  ignore line: [/opt/arm/gcc-arm-none-eabi/bin/arm-none-eabi-ranlib libcmTC_c00ca.a]
  ignore line: [gmake[2]: Leaving directory '/data/liujun/learning/tvm/arm-demo/Paddle-examples-for-AVH/Object-Classification-example/PP-LCNet/build/cmsis_nn/CMakeFiles/CMakeTmp']
  ignore line: [gmake[1]: Leaving directory '/data/liujun/learning/tvm/arm-demo/Paddle-examples-for-AVH/Object-Classification-example/PP-LCNet/build/cmsis_nn/CMakeFiles/CMakeTmp']
  ignore line: []
  ignore line: []
  implicit libs: []
  implicit dirs: []
  implicit fwks: []


Detecting CXX compiler ABI info compiled with the following output:
Change Dir: /data/liujun/learning/tvm/arm-demo/Paddle-examples-for-AVH/Object-Classification-example/PP-LCNet/build/cmsis_nn/CMakeFiles/CMakeTmp

Run Build Command(s):/usr/bin/gmake cmTC_655a4/fast && gmake[1]: Entering directory '/data/liujun/learning/tvm/arm-demo/Paddle-examples-for-AVH/Object-Classification-example/PP-LCNet/build/cmsis_nn/CMakeFiles/CMakeTmp'
/usr/bin/gmake  -f CMakeFiles/cmTC_655a4.dir/build.make CMakeFiles/cmTC_655a4.dir/build
gmake[2]: Entering directory '/data/liujun/learning/tvm/arm-demo/Paddle-examples-for-AVH/Object-Classification-example/PP-LCNet/build/cmsis_nn/CMakeFiles/CMakeTmp'
Building CXX object CMakeFiles/cmTC_655a4.dir/CMakeCXXCompilerABI.cpp.obj
/opt/arm/gcc-arm-none-eabi/bin/arm-none-eabi-g++   -v -mcpu=cortex-m55 -mfloat-abi=hard -Wall -Wextra -Wsign-compare -Wunused -Wswitch-default -Wdouble-promotion -Wredundant-decls -Wshadow -Wnull-dereference -Wno-format-extra-args -Wno-unused-function -Wno-unused-label -Wno-missing-field-initializers -Wno-return-type -Wno-format -Wno-int-conversion -fno-unwind-tables -fno-rtti -fno-exceptions -std=gnu++14 -o CMakeFiles/cmTC_655a4.dir/CMakeCXXCompilerABI.cpp.obj -c /opt/arm/cmake/share/cmake-3.19/Modules/CMakeCXXCompilerABI.cpp
Using built-in specs.
COLLECT_GCC=/opt/arm/gcc-arm-none-eabi/bin/arm-none-eabi-g++
Target: arm-none-eabi
Configured with: /mnt/workspace/workspace/GCC-10-pipeline/jenkins-GCC-10-pipeline-48_20201124_1606180641/src/gcc/configure --target=arm-none-eabi --prefix=/mnt/workspace/workspace/GCC-10-pipeline/jenkins-GCC-10-pipeline-48_20201124_1606180641/install-native --libexecdir=/mnt/workspace/workspace/GCC-10-pipeline/jenkins-GCC-10-pipeline-48_20201124_1606180641/install-native/lib --infodir=/mnt/workspace/workspace/GCC-10-pipeline/jenkins-GCC-10-pipeline-48_20201124_1606180641/install-native/share/doc/gcc-arm-none-eabi/info --mandir=/mnt/workspace/workspace/GCC-10-pipeline/jenkins-GCC-10-pipeline-48_20201124_1606180641/install-native/share/doc/gcc-arm-none-eabi/man --htmldir=/mnt/workspace/workspace/GCC-10-pipeline/jenkins-GCC-10-pipeline-48_20201124_1606180641/install-native/share/doc/gcc-arm-none-eabi/html --pdfdir=/mnt/workspace/workspace/GCC-10-pipeline/jenkins-GCC-10-pipeline-48_20201124_1606180641/install-native/share/doc/gcc-arm-none-eabi/pdf --enable-languages=c,c++ --enable-plugins --disable-decimal-float --disable-libffi --disable-libgomp --disable-libmudflap --disable-libquadmath --disable-libssp --disable-libstdcxx-pch --disable-nls --disable-shared --disable-threads --disable-tls --with-gnu-as --with-gnu-ld --with-newlib --with-headers=yes --with-python-dir=share/gcc-arm-none-eabi --with-sysroot=/mnt/workspace/workspace/GCC-10-pipeline/jenkins-GCC-10-pipeline-48_20201124_1606180641/install-native/arm-none-eabi --build=x86_64-linux-gnu --host=x86_64-linux-gnu --with-gmp=/mnt/workspace/workspace/GCC-10-pipeline/jenkins-GCC-10-pipeline-48_20201124_1606180641/build-native/host-libs/usr --with-mpfr=/mnt/workspace/workspace/GCC-10-pipeline/jenkins-GCC-10-pipeline-48_20201124_1606180641/build-native/host-libs/usr --with-mpc=/mnt/workspace/workspace/GCC-10-pipeline/jenkins-GCC-10-pipeline-48_20201124_1606180641/build-native/host-libs/usr --with-isl=/mnt/workspace/workspace/GCC-10-pipeline/jenkins-GCC-10-pipeline-48_20201124_1606180641/build-native/host-libs/usr --with-libelf=/mnt/workspace/workspace/GCC-10-pipeline/jenkins-GCC-10-pipeline-48_20201124_1606180641/build-native/host-libs/usr --with-host-libstdcxx='-static-libgcc -Wl,-Bstatic,-lstdc++,-Bdynamic -lm' --with-pkgversion='GNU Arm Embedded Toolchain 10-2020-q4-major' --with-multilib-list=rmprofile,aprofile
Thread model: single
Supported LTO compression algorithms: zlib
gcc version 10.2.1 20201103 (release) (GNU Arm Embedded Toolchain 10-2020-q4-major) 
COLLECT_GCC_OPTIONS='-v' '-mcpu=cortex-m55' '-mfloat-abi=hard' '-Wall' '-Wextra' '-Wsign-compare' '-Wunused' '-Wswitch-default' '-Wdouble-promotion' '-Wredundant-decls' '-Wshadow' '-Wnull-dereference' '-Wno-format-extra-args' '-Wno-unused-function' '-Wno-unused-label' '-Wno-missing-field-initializers' '-Wno-return-type' '-Wformat=0' '-Wno-int-conversion' '-fno-unwind-tables' '-fno-rtti' '-fno-exceptions' '-std=gnu++14' '-o' 'CMakeFiles/cmTC_655a4.dir/CMakeCXXCompilerABI.cpp.obj' '-c' '-mthumb' '-march=armv8.1-m.main+fp.dp+mve.fp'
 /opt/arm/gcc-arm-none-eabi/bin/../lib/gcc/arm-none-eabi/10.2.1/cc1plus -quiet -v -imultilib thumb/v8-m.main+dp/hard -iprefix /opt/arm/gcc-arm-none-eabi/bin/../lib/gcc/arm-none-eabi/10.2.1/ -isysroot /opt/arm/gcc-arm-none-eabi/bin/../arm-none-eabi -D__USES_INITFINI__ /opt/arm/cmake/share/cmake-3.19/Modules/CMakeCXXCompilerABI.cpp -quiet -dumpbase CMakeCXXCompilerABI.cpp -mcpu=cortex-m55 -mfloat-abi=hard -mthumb -march=armv8.1-m.main+fp.dp+mve.fp -auxbase-strip CMakeFiles/cmTC_655a4.dir/CMakeCXXCompilerABI.cpp.obj -Wall -Wextra -Wsign-compare -Wunused -Wswitch-default -Wdouble-promotion -Wredundant-decls -Wshadow -Wnull-dereference -Wno-format-extra-args -Wno-unused-function -Wno-unused-label -Wno-missing-field-initializers -Wno-return-type -Wformat=0 -Wno-int-conversion -std=gnu++14 -version -fno-unwind-tables -fno-rtti -fno-exceptions -o /tmp/ccXhTubN.s
cc1plus: warning: command-line option '-Wno-int-conversion' is valid for C/ObjC but not for C++
GNU C++14 (GNU Arm Embedded Toolchain 10-2020-q4-major) version 10.2.1 20201103 (release) (arm-none-eabi)
	compiled by GNU C version 4.8.4, GMP version 6.1.0, MPFR version 3.1.4, MPC version 1.0.3, isl version isl-0.18-GMP

GGC heuristics: --param ggc-min-expand=100 --param ggc-min-heapsize=131072
ignoring duplicate directory "/opt/arm/gcc-arm-none-eabi/bin/../lib/gcc/../../lib/gcc/arm-none-eabi/10.2.1/../../../../arm-none-eabi/include/c++/10.2.1"
ignoring duplicate directory "/opt/arm/gcc-arm-none-eabi/bin/../lib/gcc/../../lib/gcc/arm-none-eabi/10.2.1/../../../../arm-none-eabi/include/c++/10.2.1/arm-none-eabi/thumb/v8-m.main+dp/hard"
ignoring duplicate directory "/opt/arm/gcc-arm-none-eabi/bin/../lib/gcc/../../lib/gcc/arm-none-eabi/10.2.1/../../../../arm-none-eabi/include/c++/10.2.1/backward"
ignoring duplicate directory "/opt/arm/gcc-arm-none-eabi/bin/../lib/gcc/../../lib/gcc/arm-none-eabi/10.2.1/include"
ignoring nonexistent directory "/opt/arm/gcc-arm-none-eabi/bin/../arm-none-eabi/usr/local/include"
ignoring duplicate directory "/opt/arm/gcc-arm-none-eabi/bin/../lib/gcc/../../lib/gcc/arm-none-eabi/10.2.1/include-fixed"
ignoring duplicate directory "/opt/arm/gcc-arm-none-eabi/bin/../lib/gcc/../../lib/gcc/arm-none-eabi/10.2.1/../../../../arm-none-eabi/include"
ignoring nonexistent directory "/opt/arm/gcc-arm-none-eabi/bin/../arm-none-eabi/usr/include"
#include "..." search starts here:
#include <...> search starts here:
 /opt/arm/gcc-arm-none-eabi/bin/../lib/gcc/arm-none-eabi/10.2.1/../../../../arm-none-eabi/include/c++/10.2.1
 /opt/arm/gcc-arm-none-eabi/bin/../lib/gcc/arm-none-eabi/10.2.1/../../../../arm-none-eabi/include/c++/10.2.1/arm-none-eabi/thumb/v8-m.main+dp/hard
 /opt/arm/gcc-arm-none-eabi/bin/../lib/gcc/arm-none-eabi/10.2.1/../../../../arm-none-eabi/include/c++/10.2.1/backward
 /opt/arm/gcc-arm-none-eabi/bin/../lib/gcc/arm-none-eabi/10.2.1/include
 /opt/arm/gcc-arm-none-eabi/bin/../lib/gcc/arm-none-eabi/10.2.1/include-fixed
 /opt/arm/gcc-arm-none-eabi/bin/../lib/gcc/arm-none-eabi/10.2.1/../../../../arm-none-eabi/include
End of search list.
GNU C++14 (GNU Arm Embedded Toolchain 10-2020-q4-major) version 10.2.1 20201103 (release) (arm-none-eabi)
	compiled by GNU C version 4.8.4, GMP version 6.1.0, MPFR version 3.1.4, MPC version 1.0.3, isl version isl-0.18-GMP

GGC heuristics: --param ggc-min-expand=100 --param ggc-min-heapsize=131072
Compiler executable checksum: effb756e1d805224f46b940f18552208
COLLECT_GCC_OPTIONS='-v' '-mcpu=cortex-m55' '-mfloat-abi=hard' '-Wall' '-Wextra' '-Wsign-compare' '-Wunused' '-Wswitch-default' '-Wdouble-promotion' '-Wredundant-decls' '-Wshadow' '-Wnull-dereference' '-Wno-format-extra-args' '-Wno-unused-function' '-Wno-unused-label' '-Wno-missing-field-initializers' '-Wno-return-type' '-Wformat=0' '-Wno-int-conversion' '-fno-unwind-tables' '-fno-rtti' '-fno-exceptions' '-std=gnu++14' '-o' 'CMakeFiles/cmTC_655a4.dir/CMakeCXXCompilerABI.cpp.obj' '-c' '-mthumb' '-march=armv8.1-m.main+fp.dp+mve.fp'
 /opt/arm/gcc-arm-none-eabi/bin/../lib/gcc/arm-none-eabi/10.2.1/../../../../arm-none-eabi/bin/as -v -march=armv8.1-m.main+fp.dp+mve.fp -mfloat-abi=hard -meabi=5 -o CMakeFiles/cmTC_655a4.dir/CMakeCXXCompilerABI.cpp.obj /tmp/ccXhTubN.s
GNU assembler version 2.35.1 (arm-none-eabi) using BFD version (GNU Arm Embedded Toolchain 10-2020-q4-major) 2.35.1.20201028
COMPILER_PATH=/opt/arm/gcc-arm-none-eabi/bin/../lib/gcc/arm-none-eabi/10.2.1/:/opt/arm/gcc-arm-none-eabi/bin/../lib/gcc/:/opt/arm/gcc-arm-none-eabi/bin/../lib/gcc/arm-none-eabi/10.2.1/../../../../arm-none-eabi/bin/
LIBRARY_PATH=/opt/arm/gcc-arm-none-eabi/bin/../lib/gcc/arm-none-eabi/10.2.1/thumb/v8-m.main+dp/hard/:/opt/arm/gcc-arm-none-eabi/bin/../lib/gcc/arm-none-eabi/10.2.1/../../../../arm-none-eabi/lib/thumb/v8-m.main+dp/hard/:/opt/arm/gcc-arm-none-eabi/bin/../arm-none-eabi/lib/thumb/v8-m.main+dp/hard/:/opt/arm/gcc-arm-none-eabi/bin/../lib/gcc/arm-none-eabi/10.2.1/:/opt/arm/gcc-arm-none-eabi/bin/../lib/gcc/:/opt/arm/gcc-arm-none-eabi/bin/../lib/gcc/arm-none-eabi/10.2.1/../../../../arm-none-eabi/lib/:/opt/arm/gcc-arm-none-eabi/bin/../arm-none-eabi/lib/
COLLECT_GCC_OPTIONS='-v' '-mcpu=cortex-m55' '-mfloat-abi=hard' '-Wall' '-Wextra' '-Wsign-compare' '-Wunused' '-Wswitch-default' '-Wdouble-promotion' '-Wredundant-decls' '-Wshadow' '-Wnull-dereference' '-Wno-format-extra-args' '-Wno-unused-function' '-Wno-unused-label' '-Wno-missing-field-initializers' '-Wno-return-type' '-Wformat=0' '-Wno-int-conversion' '-fno-unwind-tables' '-fno-rtti' '-fno-exceptions' '-std=gnu++14' '-o' 'CMakeFiles/cmTC_655a4.dir/CMakeCXXCompilerABI.cpp.obj' '-c' '-mthumb' '-march=armv8.1-m.main+fp.dp+mve.fp'
Linking CXX static library libcmTC_655a4.a
/opt/arm/cmake/bin/cmake -P CMakeFiles/cmTC_655a4.dir/cmake_clean_target.cmake
/opt/arm/cmake/bin/cmake -E cmake_link_script CMakeFiles/cmTC_655a4.dir/link.txt --verbose=1
/opt/arm/gcc-arm-none-eabi/bin/arm-none-eabi-ar qc libcmTC_655a4.a CMakeFiles/cmTC_655a4.dir/CMakeCXXCompilerABI.cpp.obj
/opt/arm/gcc-arm-none-eabi/bin/arm-none-eabi-ranlib libcmTC_655a4.a
gmake[2]: Leaving directory '/data/liujun/learning/tvm/arm-demo/Paddle-examples-for-AVH/Object-Classification-example/PP-LCNet/build/cmsis_nn/CMakeFiles/CMakeTmp'
gmake[1]: Leaving directory '/data/liujun/learning/tvm/arm-demo/Paddle-examples-for-AVH/Object-Classification-example/PP-LCNet/build/cmsis_nn/CMakeFiles/CMakeTmp'



Parsed CXX implicit include dir info from above output: rv=done
  found start of include info
  found start of implicit include info
    add: [/opt/arm/gcc-arm-none-eabi/bin/../lib/gcc/arm-none-eabi/10.2.1/../../../../arm-none-eabi/include/c++/10.2.1]
    add: [/opt/arm/gcc-arm-none-eabi/bin/../lib/gcc/arm-none-eabi/10.2.1/../../../../arm-none-eabi/include/c++/10.2.1/arm-none-eabi/thumb/v8-m.main+dp/hard]
    add: [/opt/arm/gcc-arm-none-eabi/bin/../lib/gcc/arm-none-eabi/10.2.1/../../../../arm-none-eabi/include/c++/10.2.1/backward]
    add: [/opt/arm/gcc-arm-none-eabi/bin/../lib/gcc/arm-none-eabi/10.2.1/include]
    add: [/opt/arm/gcc-arm-none-eabi/bin/../lib/gcc/arm-none-eabi/10.2.1/include-fixed]
    add: [/opt/arm/gcc-arm-none-eabi/bin/../lib/gcc/arm-none-eabi/10.2.1/../../../../arm-none-eabi/include]
  end of search list found
  collapse include dir [/opt/arm/gcc-arm-none-eabi/bin/../lib/gcc/arm-none-eabi/10.2.1/../../../../arm-none-eabi/include/c++/10.2.1] ==> [/opt/arm/gcc-arm-none-eabi/arm-none-eabi/include/c++/10.2.1]
  collapse include dir [/opt/arm/gcc-arm-none-eabi/bin/../lib/gcc/arm-none-eabi/10.2.1/../../../../arm-none-eabi/include/c++/10.2.1/arm-none-eabi/thumb/v8-m.main+dp/hard] ==> [/opt/arm/gcc-arm-none-eabi/arm-none-eabi/include/c++/10.2.1/arm-none-eabi/thumb/v8-m.main+dp/hard]
  collapse include dir [/opt/arm/gcc-arm-none-eabi/bin/../lib/gcc/arm-none-eabi/10.2.1/../../../../arm-none-eabi/include/c++/10.2.1/backward] ==> [/opt/arm/gcc-arm-none-eabi/arm-none-eabi/include/c++/10.2.1/backward]
  collapse include dir [/opt/arm/gcc-arm-none-eabi/bin/../lib/gcc/arm-none-eabi/10.2.1/include] ==> [/opt/arm/gcc-arm-none-eabi/lib/gcc/arm-none-eabi/10.2.1/include]
  collapse include dir [/opt/arm/gcc-arm-none-eabi/bin/../lib/gcc/arm-none-eabi/10.2.1/include-fixed] ==> [/opt/arm/gcc-arm-none-eabi/lib/gcc/arm-none-eabi/10.2.1/include-fixed]
  collapse include dir [/opt/arm/gcc-arm-none-eabi/bin/../lib/gcc/arm-none-eabi/10.2.1/../../../../arm-none-eabi/include] ==> [/opt/arm/gcc-arm-none-eabi/arm-none-eabi/include]
  implicit include dirs: [/opt/arm/gcc-arm-none-eabi/arm-none-eabi/include/c++/10.2.1;/opt/arm/gcc-arm-none-eabi/arm-none-eabi/include/c++/10.2.1/arm-none-eabi/thumb/v8-m.main+dp/hard;/opt/arm/gcc-arm-none-eabi/arm-none-eabi/include/c++/10.2.1/backward;/opt/arm/gcc-arm-none-eabi/lib/gcc/arm-none-eabi/10.2.1/include;/opt/arm/gcc-arm-none-eabi/lib/gcc/arm-none-eabi/10.2.1/include-fixed;/opt/arm/gcc-arm-none-eabi/arm-none-eabi/include]


Parsed CXX implicit link information from above output:
  link line regex: [^( *|.*[/\])(arm-none-eabi-ld|CMAKE_LINK_STARTFILE-NOTFOUND|([^/\]+-)?ld|collect2)[^/\]*( |$)]
  ignore line: [Change Dir: /data/liujun/learning/tvm/arm-demo/Paddle-examples-for-AVH/Object-Classification-example/PP-LCNet/build/cmsis_nn/CMakeFiles/CMakeTmp]
  ignore line: []
  ignore line: [Run Build Command(s):/usr/bin/gmake cmTC_655a4/fast && gmake[1]: Entering directory '/data/liujun/learning/tvm/arm-demo/Paddle-examples-for-AVH/Object-Classification-example/PP-LCNet/build/cmsis_nn/CMakeFiles/CMakeTmp']
  ignore line: [/usr/bin/gmake  -f CMakeFiles/cmTC_655a4.dir/build.make CMakeFiles/cmTC_655a4.dir/build]
  ignore line: [gmake[2]: Entering directory '/data/liujun/learning/tvm/arm-demo/Paddle-examples-for-AVH/Object-Classification-example/PP-LCNet/build/cmsis_nn/CMakeFiles/CMakeTmp']
  ignore line: [Building CXX object CMakeFiles/cmTC_655a4.dir/CMakeCXXCompilerABI.cpp.obj]
  ignore line: [/opt/arm/gcc-arm-none-eabi/bin/arm-none-eabi-g++   -v -mcpu=cortex-m55 -mfloat-abi=hard -Wall -Wextra -Wsign-compare -Wunused -Wswitch-default -Wdouble-promotion -Wredundant-decls -Wshadow -Wnull-dereference -Wno-format-extra-args -Wno-unused-function -Wno-unused-label -Wno-missing-field-initializers -Wno-return-type -Wno-format -Wno-int-conversion -fno-unwind-tables -fno-rtti -fno-exceptions -std=gnu++14 -o CMakeFiles/cmTC_655a4.dir/CMakeCXXCompilerABI.cpp.obj -c /opt/arm/cmake/share/cmake-3.19/Modules/CMakeCXXCompilerABI.cpp]
  ignore line: [Using built-in specs.]
  ignore line: [COLLECT_GCC=/opt/arm/gcc-arm-none-eabi/bin/arm-none-eabi-g++]
  ignore line: [Target: arm-none-eabi]
  ignore line: [Configured with: /mnt/workspace/workspace/GCC-10-pipeline/jenkins-GCC-10-pipeline-48_20201124_1606180641/src/gcc/configure --target=arm-none-eabi --prefix=/mnt/workspace/workspace/GCC-10-pipeline/jenkins-GCC-10-pipeline-48_20201124_1606180641/install-native --libexecdir=/mnt/workspace/workspace/GCC-10-pipeline/jenkins-GCC-10-pipeline-48_20201124_1606180641/install-native/lib --infodir=/mnt/workspace/workspace/GCC-10-pipeline/jenkins-GCC-10-pipeline-48_20201124_1606180641/install-native/share/doc/gcc-arm-none-eabi/info --mandir=/mnt/workspace/workspace/GCC-10-pipeline/jenkins-GCC-10-pipeline-48_20201124_1606180641/install-native/share/doc/gcc-arm-none-eabi/man --htmldir=/mnt/workspace/workspace/GCC-10-pipeline/jenkins-GCC-10-pipeline-48_20201124_1606180641/install-native/share/doc/gcc-arm-none-eabi/html --pdfdir=/mnt/workspace/workspace/GCC-10-pipeline/jenkins-GCC-10-pipeline-48_20201124_1606180641/install-native/share/doc/gcc-arm-none-eabi/pdf --enable-languages=c,c++ --enable-plugins --disable-decimal-float --disable-libffi --disable-libgomp --disable-libmudflap --disable-libquadmath --disable-libssp --disable-libstdcxx-pch --disable-nls --disable-shared --disable-threads --disable-tls --with-gnu-as --with-gnu-ld --with-newlib --with-headers=yes --with-python-dir=share/gcc-arm-none-eabi --with-sysroot=/mnt/workspace/workspace/GCC-10-pipeline/jenkins-GCC-10-pipeline-48_20201124_1606180641/install-native/arm-none-eabi --build=x86_64-linux-gnu --host=x86_64-linux-gnu --with-gmp=/mnt/workspace/workspace/GCC-10-pipeline/jenkins-GCC-10-pipeline-48_20201124_1606180641/build-native/host-libs/usr --with-mpfr=/mnt/workspace/workspace/GCC-10-pipeline/jenkins-GCC-10-pipeline-48_20201124_1606180641/build-native/host-libs/usr --with-mpc=/mnt/workspace/workspace/GCC-10-pipeline/jenkins-GCC-10-pipeline-48_20201124_1606180641/build-native/host-libs/usr --with-isl=/mnt/workspace/workspace/GCC-10-pipeline/jenkins-GCC-10-pipeline-48_20201124_1606180641/build-native/host-libs/usr --with-libelf=/mnt/workspace/workspace/GCC-10-pipeline/jenkins-GCC-10-pipeline-48_20201124_1606180641/build-native/host-libs/usr --with-host-libstdcxx='-static-libgcc -Wl,-Bstatic,-lstdc++,-Bdynamic -lm' --with-pkgversion='GNU Arm Embedded Toolchain 10-2020-q4-major' --with-multilib-list=rmprofile,aprofile]
  ignore line: [Thread model: single]
  ignore line: [Supported LTO compression algorithms: zlib]
  ignore line: [gcc version 10.2.1 20201103 (release) (GNU Arm Embedded Toolchain 10-2020-q4-major) ]
  ignore line: [COLLECT_GCC_OPTIONS='-v' '-mcpu=cortex-m55' '-mfloat-abi=hard' '-Wall' '-Wextra' '-Wsign-compare' '-Wunused' '-Wswitch-default' '-Wdouble-promotion' '-Wredundant-decls' '-Wshadow' '-Wnull-dereference' '-Wno-format-extra-args' '-Wno-unused-function' '-Wno-unused-label' '-Wno-missing-field-initializers' '-Wno-return-type' '-Wformat=0' '-Wno-int-conversion' '-fno-unwind-tables' '-fno-rtti' '-fno-exceptions' '-std=gnu++14' '-o' 'CMakeFiles/cmTC_655a4.dir/CMakeCXXCompilerABI.cpp.obj' '-c' '-mthumb' '-march=armv8.1-m.main+fp.dp+mve.fp']
  ignore line: [ /opt/arm/gcc-arm-none-eabi/bin/../lib/gcc/arm-none-eabi/10.2.1/cc1plus -quiet -v -imultilib thumb/v8-m.main+dp/hard -iprefix /opt/arm/gcc-arm-none-eabi/bin/../lib/gcc/arm-none-eabi/10.2.1/ -isysroot /opt/arm/gcc-arm-none-eabi/bin/../arm-none-eabi -D__USES_INITFINI__ /opt/arm/cmake/share/cmake-3.19/Modules/CMakeCXXCompilerABI.cpp -quiet -dumpbase CMakeCXXCompilerABI.cpp -mcpu=cortex-m55 -mfloat-abi=hard -mthumb -march=armv8.1-m.main+fp.dp+mve.fp -auxbase-strip CMakeFiles/cmTC_655a4.dir/CMakeCXXCompilerABI.cpp.obj -Wall -Wextra -Wsign-compare -Wunused -Wswitch-default -Wdouble-promotion -Wredundant-decls -Wshadow -Wnull-dereference -Wno-format-extra-args -Wno-unused-function -Wno-unused-label -Wno-missing-field-initializers -Wno-return-type -Wformat=0 -Wno-int-conversion -std=gnu++14 -version -fno-unwind-tables -fno-rtti -fno-exceptions -o /tmp/ccXhTubN.s]
  ignore line: [cc1plus: warning: command-line option '-Wno-int-conversion' is valid for C/ObjC but not for C++]
  ignore line: [GNU C++14 (GNU Arm Embedded Toolchain 10-2020-q4-major) version 10.2.1 20201103 (release) (arm-none-eabi)]
  ignore line: [	compiled by GNU C version 4.8.4  GMP version 6.1.0  MPFR version 3.1.4  MPC version 1.0.3  isl version isl-0.18-GMP]
  ignore line: []
  ignore line: [GGC heuristics: --param ggc-min-expand=100 --param ggc-min-heapsize=131072]
  ignore line: [ignoring duplicate directory "/opt/arm/gcc-arm-none-eabi/bin/../lib/gcc/../../lib/gcc/arm-none-eabi/10.2.1/../../../../arm-none-eabi/include/c++/10.2.1"]
  ignore line: [ignoring duplicate directory "/opt/arm/gcc-arm-none-eabi/bin/../lib/gcc/../../lib/gcc/arm-none-eabi/10.2.1/../../../../arm-none-eabi/include/c++/10.2.1/arm-none-eabi/thumb/v8-m.main+dp/hard"]
  ignore line: [ignoring duplicate directory "/opt/arm/gcc-arm-none-eabi/bin/../lib/gcc/../../lib/gcc/arm-none-eabi/10.2.1/../../../../arm-none-eabi/include/c++/10.2.1/backward"]
  ignore line: [ignoring duplicate directory "/opt/arm/gcc-arm-none-eabi/bin/../lib/gcc/../../lib/gcc/arm-none-eabi/10.2.1/include"]
  ignore line: [ignoring nonexistent directory "/opt/arm/gcc-arm-none-eabi/bin/../arm-none-eabi/usr/local/include"]
  ignore line: [ignoring duplicate directory "/opt/arm/gcc-arm-none-eabi/bin/../lib/gcc/../../lib/gcc/arm-none-eabi/10.2.1/include-fixed"]
  ignore line: [ignoring duplicate directory "/opt/arm/gcc-arm-none-eabi/bin/../lib/gcc/../../lib/gcc/arm-none-eabi/10.2.1/../../../../arm-none-eabi/include"]
  ignore line: [ignoring nonexistent directory "/opt/arm/gcc-arm-none-eabi/bin/../arm-none-eabi/usr/include"]
  ignore line: [#include "..." search starts here:]
  ignore line: [#include <...> search starts here:]
  ignore line: [ /opt/arm/gcc-arm-none-eabi/bin/../lib/gcc/arm-none-eabi/10.2.1/../../../../arm-none-eabi/include/c++/10.2.1]
  ignore line: [ /opt/arm/gcc-arm-none-eabi/bin/../lib/gcc/arm-none-eabi/10.2.1/../../../../arm-none-eabi/include/c++/10.2.1/arm-none-eabi/thumb/v8-m.main+dp/hard]
  ignore line: [ /opt/arm/gcc-arm-none-eabi/bin/../lib/gcc/arm-none-eabi/10.2.1/../../../../arm-none-eabi/include/c++/10.2.1/backward]
  ignore line: [ /opt/arm/gcc-arm-none-eabi/bin/../lib/gcc/arm-none-eabi/10.2.1/include]
  ignore line: [ /opt/arm/gcc-arm-none-eabi/bin/../lib/gcc/arm-none-eabi/10.2.1/include-fixed]
  ignore line: [ /opt/arm/gcc-arm-none-eabi/bin/../lib/gcc/arm-none-eabi/10.2.1/../../../../arm-none-eabi/include]
  ignore line: [End of search list.]
  ignore line: [GNU C++14 (GNU Arm Embedded Toolchain 10-2020-q4-major) version 10.2.1 20201103 (release) (arm-none-eabi)]
  ignore line: [	compiled by GNU C version 4.8.4  GMP version 6.1.0  MPFR version 3.1.4  MPC version 1.0.3  isl version isl-0.18-GMP]
  ignore line: []
  ignore line: [GGC heuristics: --param ggc-min-expand=100 --param ggc-min-heapsize=131072]
  ignore line: [Compiler executable checksum: effb756e1d805224f46b940f18552208]
  ignore line: [COLLECT_GCC_OPTIONS='-v' '-mcpu=cortex-m55' '-mfloat-abi=hard' '-Wall' '-Wextra' '-Wsign-compare' '-Wunused' '-Wswitch-default' '-Wdouble-promotion' '-Wredundant-decls' '-Wshadow' '-Wnull-dereference' '-Wno-format-extra-args' '-Wno-unused-function' '-Wno-unused-label' '-Wno-missing-field-initializers' '-Wno-return-type' '-Wformat=0' '-Wno-int-conversion' '-fno-unwind-tables' '-fno-rtti' '-fno-exceptions' '-std=gnu++14' '-o' 'CMakeFiles/cmTC_655a4.dir/CMakeCXXCompilerABI.cpp.obj' '-c' '-mthumb' '-march=armv8.1-m.main+fp.dp+mve.fp']
  ignore line: [ /opt/arm/gcc-arm-none-eabi/bin/../lib/gcc/arm-none-eabi/10.2.1/../../../../arm-none-eabi/bin/as -v -march=armv8.1-m.main+fp.dp+mve.fp -mfloat-abi=hard -meabi=5 -o CMakeFiles/cmTC_655a4.dir/CMakeCXXCompilerABI.cpp.obj /tmp/ccXhTubN.s]
  ignore line: [GNU assembler version 2.35.1 (arm-none-eabi) using BFD version (GNU Arm Embedded Toolchain 10-2020-q4-major) 2.35.1.20201028]
  ignore line: [COMPILER_PATH=/opt/arm/gcc-arm-none-eabi/bin/../lib/gcc/arm-none-eabi/10.2.1/:/opt/arm/gcc-arm-none-eabi/bin/../lib/gcc/:/opt/arm/gcc-arm-none-eabi/bin/../lib/gcc/arm-none-eabi/10.2.1/../../../../arm-none-eabi/bin/]
  ignore line: [LIBRARY_PATH=/opt/arm/gcc-arm-none-eabi/bin/../lib/gcc/arm-none-eabi/10.2.1/thumb/v8-m.main+dp/hard/:/opt/arm/gcc-arm-none-eabi/bin/../lib/gcc/arm-none-eabi/10.2.1/../../../../arm-none-eabi/lib/thumb/v8-m.main+dp/hard/:/opt/arm/gcc-arm-none-eabi/bin/../arm-none-eabi/lib/thumb/v8-m.main+dp/hard/:/opt/arm/gcc-arm-none-eabi/bin/../lib/gcc/arm-none-eabi/10.2.1/:/opt/arm/gcc-arm-none-eabi/bin/../lib/gcc/:/opt/arm/gcc-arm-none-eabi/bin/../lib/gcc/arm-none-eabi/10.2.1/../../../../arm-none-eabi/lib/:/opt/arm/gcc-arm-none-eabi/bin/../arm-none-eabi/lib/]
  ignore line: [COLLECT_GCC_OPTIONS='-v' '-mcpu=cortex-m55' '-mfloat-abi=hard' '-Wall' '-Wextra' '-Wsign-compare' '-Wunused' '-Wswitch-default' '-Wdouble-promotion' '-Wredundant-decls' '-Wshadow' '-Wnull-dereference' '-Wno-format-extra-args' '-Wno-unused-function' '-Wno-unused-label' '-Wno-missing-field-initializers' '-Wno-return-type' '-Wformat=0' '-Wno-int-conversion' '-fno-unwind-tables' '-fno-rtti' '-fno-exceptions' '-std=gnu++14' '-o' 'CMakeFiles/cmTC_655a4.dir/CMakeCXXCompilerABI.cpp.obj' '-c' '-mthumb' '-march=armv8.1-m.main+fp.dp+mve.fp']
  ignore line: [Linking CXX static library libcmTC_655a4.a]
  ignore line: [/opt/arm/cmake/bin/cmake -P CMakeFiles/cmTC_655a4.dir/cmake_clean_target.cmake]
  ignore line: [/opt/arm/cmake/bin/cmake -E cmake_link_script CMakeFiles/cmTC_655a4.dir/link.txt --verbose=1]
  ignore line: [/opt/arm/gcc-arm-none-eabi/bin/arm-none-eabi-ar qc libcmTC_655a4.a CMakeFiles/cmTC_655a4.dir/CMakeCXXCompilerABI.cpp.obj]
  ignore line: [/opt/arm/gcc-arm-none-eabi/bin/arm-none-eabi-ranlib libcmTC_655a4.a]
  ignore line: [gmake[2]: Leaving directory '/data/liujun/learning/tvm/arm-demo/Paddle-examples-for-AVH/Object-Classification-example/PP-LCNet/build/cmsis_nn/CMakeFiles/CMakeTmp']
  ignore line: [gmake[1]: Leaving directory '/data/liujun/learning/tvm/arm-demo/Paddle-examples-for-AVH/Object-Classification-example/PP-LCNet/build/cmsis_nn/CMakeFiles/CMakeTmp']
  ignore line: []
  ignore line: []
  implicit libs: []
  implicit dirs: []
  implicit fwks: []


